<?xml version="1.0" encoding="UTF-8"?>
<!-- Generated by org.testng.reporters.JUnitXMLReporter -->
<testsuite hostname="GUNA" ignored="0" name="Test" tests="2" failures="2" timestamp="2021-09-12T12:30:23 IST" time="149.621" errors="0">
  <testcase name="NewRecord" time="86.024" classname="com.WinPro.Records.CreateNewRecord">
    <failure type="org.openqa.selenium.WebDriverException" message="chrome not reachable
Build info: version: &amp;apos;3.141.59&amp;apos;, revision: &amp;apos;e82be7d358&amp;apos;, time: &amp;apos;2018-11-14T08:17:03&amp;apos;
System info: host: &amp;apos;GUNA&amp;apos;, ip: &amp;apos;192.168.74.1&amp;apos;, os.name: &amp;apos;Windows 10&amp;apos;, os.arch: &amp;apos;amd64&amp;apos;, os.version: &amp;apos;10.0&amp;apos;, java.version: &amp;apos;1.8.0_91&amp;apos;
Driver info: driver.version: ChromeDriver
remote stacktrace: Backtrace:
	Ordinal0 [0x00D8A2D3+2663123]
	Ordinal0 [0x00D1A491+2204817]
	Ordinal0 [0x00C01FE0+1056736]
	Ordinal0 [0x00BF6F95+1011605]
	Ordinal0 [0x00C1FD61+1178977]
	Ordinal0 [0x00C1C335+1164085]
	Ordinal0 [0x00C19B7F+1153919]
	Ordinal0 [0x00C49D8F+1351055]
	Ordinal0 [0x00C499FA+1350138]
	Ordinal0 [0x00C4589B+1333403]
	Ordinal0 [0x00C21F74+1187700]
	Ordinal0 [0x00C22DC9+1191369]
	GetHandleVerifier [0x00F230D6+1610054]
	GetHandleVerifier [0x00FCB53B+2299307]
	GetHandleVerifier [0x00E18DA9+519705]
	GetHandleVerifier [0x00E17759+513993]
	Ordinal0 [0x00D2112D+2232621]
	Ordinal0 [0x00D255F8+2250232]
	Ordinal0 [0x00D25732+2250546]
	Ordinal0 [0x00D2E591+2286993]
	BaseThreadInitThunk [0x75C5FA29+25]
	RtlGetAppContainerNamedObjectPath [0x77A87A7E+286]
	RtlGetAppContainerNamedObjectPath [0x77A87A4E+238]
">
      <![CDATA[org.openqa.selenium.WebDriverException: chrome not reachable
Build info: version: '3.141.59', revision: 'e82be7d358', time: '2018-11-14T08:17:03'
System info: host: 'GUNA', ip: '192.168.74.1', os.name: 'Windows 10', os.arch: 'amd64', os.version: '10.0', java.version: '1.8.0_91'
Driver info: driver.version: ChromeDriver
remote stacktrace: Backtrace:
Ordinal0 [0x00D8A2D3+2663123]
Ordinal0 [0x00D1A491+2204817]
Ordinal0 [0x00C01FE0+1056736]
Ordinal0 [0x00BF6F95+1011605]
Ordinal0 [0x00C1FD61+1178977]
Ordinal0 [0x00C1C335+1164085]
Ordinal0 [0x00C19B7F+1153919]
Ordinal0 [0x00C49D8F+1351055]
Ordinal0 [0x00C499FA+1350138]
Ordinal0 [0x00C4589B+1333403]
Ordinal0 [0x00C21F74+1187700]
Ordinal0 [0x00C22DC9+1191369]
GetHandleVerifier [0x00F230D6+1610054]
GetHandleVerifier [0x00FCB53B+2299307]
GetHandleVerifier [0x00E18DA9+519705]
GetHandleVerifier [0x00E17759+513993]
Ordinal0 [0x00D2112D+2232621]
Ordinal0 [0x00D255F8+2250232]
Ordinal0 [0x00D25732+2250546]
Ordinal0 [0x00D2E591+2286993]
BaseThreadInitThunk [0x75C5FA29+25]
RtlGetAppContainerNamedObjectPath [0x77A87A7E+286]
RtlGetAppContainerNamedObjectPath [0x77A87A4E+238]

at org.openqa.selenium.remote.W3CHandshakeResponse.lambda$errorHandler$0(W3CHandshakeResponse.java:62)
at org.openqa.selenium.remote.HandshakeResponse.lambda$getResponseFunction$0(HandshakeResponse.java:30)
at org.openqa.selenium.remote.ProtocolHandshake.lambda$createSession$0(ProtocolHandshake.java:126)
at java.util.stream.ReferencePipeline$3$1.accept(ReferencePipeline.java:193)
at java.util.Spliterators$ArraySpliterator.tryAdvance(Spliterators.java:958)
at java.util.stream.ReferencePipeline.forEachWithCancel(ReferencePipeline.java:126)
at java.util.stream.AbstractPipeline.copyIntoWithCancel(AbstractPipeline.java:498)
at java.util.stream.AbstractPipeline.copyInto(AbstractPipeline.java:485)
at java.util.stream.AbstractPipeline.wrapAndCopyInto(AbstractPipeline.java:471)
at java.util.stream.FindOps$FindOp.evaluateSequential(FindOps.java:152)
at java.util.stream.AbstractPipeline.evaluate(AbstractPipeline.java:234)
at java.util.stream.ReferencePipeline.findFirst(ReferencePipeline.java:464)
at org.openqa.selenium.remote.ProtocolHandshake.createSession(ProtocolHandshake.java:128)
at org.openqa.selenium.remote.ProtocolHandshake.createSession(ProtocolHandshake.java:74)
at org.openqa.selenium.remote.HttpCommandExecutor.execute(HttpCommandExecutor.java:136)
at org.openqa.selenium.remote.service.DriverCommandExecutor.execute(DriverCommandExecutor.java:83)
at org.openqa.selenium.remote.RemoteWebDriver.execute(RemoteWebDriver.java:552)
at org.openqa.selenium.remote.RemoteWebDriver.startSession(RemoteWebDriver.java:213)
at org.openqa.selenium.remote.RemoteWebDriver.<init>(RemoteWebDriver.java:131)
at org.openqa.selenium.chrome.ChromeDriver.<init>(ChromeDriver.java:181)
at org.openqa.selenium.chrome.ChromeDriver.<init>(ChromeDriver.java:168)
at org.openqa.selenium.chrome.ChromeDriver.<init>(ChromeDriver.java:123)
at com.WinPro.GenericLib.BaseTest.openbrowser(BaseTest.java:19)
at com.WinPro.Pages.Loginpage1.loginpage(Loginpage1.java:13)
at com.WinPro.Records.CreateNewRecord.NewRecord(CreateNewRecord.java:13)
at java.util.ArrayList.forEach(ArrayList.java:1249)
... Removed 31 stack frames]]>
    </failure>
  </testcase> <!-- NewRecord -->
  <testcase name="leads" time="63.154" classname="com.WinPro.Records.CreateNewRecord_drop_leads">
    <failure type="org.openqa.selenium.WebDriverException" message="unknown error: DevToolsActivePort file doesn&amp;apos;t exist
Build info: version: &amp;apos;3.141.59&amp;apos;, revision: &amp;apos;e82be7d358&amp;apos;, time: &amp;apos;2018-11-14T08:17:03&amp;apos;
System info: host: &amp;apos;GUNA&amp;apos;, ip: &amp;apos;192.168.74.1&amp;apos;, os.name: &amp;apos;Windows 10&amp;apos;, os.arch: &amp;apos;amd64&amp;apos;, os.version: &amp;apos;10.0&amp;apos;, java.version: &amp;apos;1.8.0_91&amp;apos;
Driver info: driver.version: ChromeDriver
remote stacktrace: Backtrace:
	Ordinal0 [0x00D8A2D3+2663123]
	Ordinal0 [0x00D1A491+2204817]
	Ordinal0 [0x00C02118+1057048]
	Ordinal0 [0x00C1F792+1177490]
	Ordinal0 [0x00C1C119+1163545]
	Ordinal0 [0x00C19B7F+1153919]
	Ordinal0 [0x00C49D8F+1351055]
	Ordinal0 [0x00C499FA+1350138]
	Ordinal0 [0x00C4589B+1333403]
	Ordinal0 [0x00C21F74+1187700]
	Ordinal0 [0x00C22DC9+1191369]
	GetHandleVerifier [0x00F230D6+1610054]
	GetHandleVerifier [0x00FCB53B+2299307]
	GetHandleVerifier [0x00E18DA9+519705]
	GetHandleVerifier [0x00E17759+513993]
	Ordinal0 [0x00D2112D+2232621]
	Ordinal0 [0x00D255F8+2250232]
	Ordinal0 [0x00D25732+2250546]
	Ordinal0 [0x00D2E591+2286993]
	BaseThreadInitThunk [0x75C5FA29+25]
	RtlGetAppContainerNamedObjectPath [0x77A87A7E+286]
	RtlGetAppContainerNamedObjectPath [0x77A87A4E+238]
">
      <![CDATA[org.openqa.selenium.WebDriverException: unknown error: DevToolsActivePort file doesn't exist
Build info: version: '3.141.59', revision: 'e82be7d358', time: '2018-11-14T08:17:03'
System info: host: 'GUNA', ip: '192.168.74.1', os.name: 'Windows 10', os.arch: 'amd64', os.version: '10.0', java.version: '1.8.0_91'
Driver info: driver.version: ChromeDriver
remote stacktrace: Backtrace:
Ordinal0 [0x00D8A2D3+2663123]
Ordinal0 [0x00D1A491+2204817]
Ordinal0 [0x00C02118+1057048]
Ordinal0 [0x00C1F792+1177490]
Ordinal0 [0x00C1C119+1163545]
Ordinal0 [0x00C19B7F+1153919]
Ordinal0 [0x00C49D8F+1351055]
Ordinal0 [0x00C499FA+1350138]
Ordinal0 [0x00C4589B+1333403]
Ordinal0 [0x00C21F74+1187700]
Ordinal0 [0x00C22DC9+1191369]
GetHandleVerifier [0x00F230D6+1610054]
GetHandleVerifier [0x00FCB53B+2299307]
GetHandleVerifier [0x00E18DA9+519705]
GetHandleVerifier [0x00E17759+513993]
Ordinal0 [0x00D2112D+2232621]
Ordinal0 [0x00D255F8+2250232]
Ordinal0 [0x00D25732+2250546]
Ordinal0 [0x00D2E591+2286993]
BaseThreadInitThunk [0x75C5FA29+25]
RtlGetAppContainerNamedObjectPath [0x77A87A7E+286]
RtlGetAppContainerNamedObjectPath [0x77A87A4E+238]

at org.openqa.selenium.remote.W3CHandshakeResponse.lambda$errorHandler$0(W3CHandshakeResponse.java:62)
at org.openqa.selenium.remote.HandshakeResponse.lambda$getResponseFunction$0(HandshakeResponse.java:30)
at org.openqa.selenium.remote.ProtocolHandshake.lambda$createSession$0(ProtocolHandshake.java:126)
at java.util.stream.ReferencePipeline$3$1.accept(ReferencePipeline.java:193)
at java.util.Spliterators$ArraySpliterator.tryAdvance(Spliterators.java:958)
at java.util.stream.ReferencePipeline.forEachWithCancel(ReferencePipeline.java:126)
at java.util.stream.AbstractPipeline.copyIntoWithCancel(AbstractPipeline.java:498)
at java.util.stream.AbstractPipeline.copyInto(AbstractPipeline.java:485)
at java.util.stream.AbstractPipeline.wrapAndCopyInto(AbstractPipeline.java:471)
at java.util.stream.FindOps$FindOp.evaluateSequential(FindOps.java:152)
at java.util.stream.AbstractPipeline.evaluate(AbstractPipeline.java:234)
at java.util.stream.ReferencePipeline.findFirst(ReferencePipeline.java:464)
at org.openqa.selenium.remote.ProtocolHandshake.createSession(ProtocolHandshake.java:128)
at org.openqa.selenium.remote.ProtocolHandshake.createSession(ProtocolHandshake.java:74)
at org.openqa.selenium.remote.HttpCommandExecutor.execute(HttpCommandExecutor.java:136)
at org.openqa.selenium.remote.service.DriverCommandExecutor.execute(DriverCommandExecutor.java:83)
at org.openqa.selenium.remote.RemoteWebDriver.execute(RemoteWebDriver.java:552)
at org.openqa.selenium.remote.RemoteWebDriver.startSession(RemoteWebDriver.java:213)
at org.openqa.selenium.remote.RemoteWebDriver.<init>(RemoteWebDriver.java:131)
at org.openqa.selenium.chrome.ChromeDriver.<init>(ChromeDriver.java:181)
at org.openqa.selenium.chrome.ChromeDriver.<init>(ChromeDriver.java:168)
at org.openqa.selenium.chrome.ChromeDriver.<init>(ChromeDriver.java:123)
at com.WinPro.GenericLib.BaseTest.openbrowser(BaseTest.java:19)
at com.WinPro.Pages.Loginpage1.loginpage(Loginpage1.java:13)
at com.WinPro.Records.CreateNewRecord_drop_leads.leads(CreateNewRecord_drop_leads.java:17)
at java.util.ArrayList.forEach(ArrayList.java:1249)
... Removed 31 stack frames]]>
    </failure>
  </testcase> <!-- leads -->
</testsuite> <!-- Test -->
